[ ] Loaded data set! Number of conversation thread: 80
[ ] Start building sum graph in mode 1
[i] Start building aspect graph for the ARTICLE.
[ ]  - Building graph for segment 0
[ ]    + Graph for group: art.0 	 member:                 	 has  34 nodes and  33 edges 
[ ]  - Building graph for segment 1
[ ]    + Graph for group: art.1 	 member:                 	 has  26 nodes and  22 edges 
[ ]  - Building graph for segment 2
[ ]    + Graph for group: art.2 	 member:                 	 has 107 nodes and 104 edges 
[ ]  - Building graph for segment 3
[ ]    + Graph for group: art.3 	 member:                 	 has  36 nodes and  33 edges 
[ ]  - Building graph for segment 4
[ ]    + Graph for group: art.4 	 member:                 	 has  18 nodes and  15 edges 
[ ]  - Building graph for segment 5
[ ]    + Graph for group: art.5 	 member:                 	 has  69 nodes and  66 edges 
[ ]  - Building graph for segment 6
[ ]    + Graph for group: art.6 	 member:                 	 has  46 nodes and  42 edges 
[ ]  - Building graph for segment 7
[E] Can't parse sentence this sentence for coreference "He said that in the last three..."
 --> Error: <RPCFault -32603: 'Internal error.' (None)>
[W]  Unable to parse sentence for dependencies: Recycling just 10% more than w.
[ ]     --> Error: <RPCFault -32603: 'Internal error.' (None)>
[ ]    + Graph for group: art.7 	 member:                 	 has  30 nodes and  26 edges 
[ ] 
Start building aspect graph for COMMENTS, add up to the article graph.
[i] Starting extractor Thread 0 with 11 data records
[i] Starting extractor Thread 1 with 10 data records
[i] Starting extractor Thread 2 with 10 data records
[i] Starting extractor Thread 3 with 10 data records
[i] Starting extractor Thread 4 with 10 data records
[i] Starting extractor Thread 5 with 10 data records
[i] Starting extractor Thread 6 with 10 data records
[i] Starting extractor Thread 8 with 10 data records
[i] Starting extractor Thread 7 with 10 data records
[i] Starting extractor Thread 9 with 10 data records
[ ]    + Graph for group: com.  	 member: 0x55a3f53aa8bce^6 	 has   7 nodes and   7 edges 
[ ]    + Graph for group: com.  	 member: 0x55a3f53aa8821^4 	 has   6 nodes and   7 edges 
[ ]    + Graph for group: com.  	 member: 0x55a3f53aa847f^2 	 has   8 nodes and   6 edges 
[ ]    + Graph for group: com.  	 member: 0x55a3f53aa905d^8 	 has   7 nodes and   7 edges 
[ ]    + Graph for group: com.  	 member: 0x55a3f53aa8250^1 	 has  13 nodes and   9 edges 
[ ]    + Graph for group: com.  	 member: 0x55a3f53aa89b3^5 	 has  12 nodes and   8 edges 
[ ]    + Graph for group: com.  	 member: 0x55a3f53aa923e^9 	 has   6 nodes and   4 edges 
[ ]    + Graph for group: com.  	 member: 0x55a3f53aa9996^12 	 has   8 nodes and   8 edges 
[ ]    + Graph for group: com.  	 member: 0x55a3f53aa8621^3 	 has  15 nodes and  11 edges 
[ ]    + Graph for group: com.  	 member: 0x55a3f53aaa69e^16 	 has  13 nodes and  11 edges 
[ ]    + Graph for group: com.  	 member: 0x55a3f53aa8de4^7 	 has  19 nodes and  18 edges 
[ ]    + Graph for group: com.  	 member: 0x55a3f53aa9410^10 	 has  11 nodes and   8 edges 
[ ]    + Graph for group: com.  	 member: 0x55a3f53aa9f1d^14 	 has  21 nodes and  24 edges 
[W]  --> Unable to extract co-reference for sentence: "Food waste is placed in the br..."
     --> Error: list index out of range
[ ]    + Graph for group: com.  	 member: 0x55a3f53aaab64^18 	 has  13 nodes and   9 edges 
[ ]    + Graph for group: com.  	 member: 0x55a3f53aab2b0^22 	 has   4 nodes and   3 edges 
[ ]    + Graph for group: com.  	 member: 0x55a3f53aa96e7^11 	 has  15 nodes and  17 edges 
[ ]    + Graph for group: com.  	 member: 0x55a3f53aaad55^19 	 has   4 nodes and   3 edges 
[ ]    + Graph for group: com.  	 member: 0x55a3f53aabc3d^26 	 has  12 nodes and  10 edges 
[ ]    + Graph for group: com.  	 member: 0x55a3f53aaa96e^17 	 has  14 nodes and  10 edges 
[ ]    + Graph for group: com.  	 member: 0x55a3f53aaaef1^20 	 has   7 nodes and   5 edges 
[ ]    + Graph for group: com.  	 member: 0x55a3f53aa9bce^13 	 has  43 nodes and  47 edges 
[ ]    + Graph for group: com.  	 member: 0x55a3f53aace78^32 	 has   3 nodes and   2 edges 
[ ]    + Graph for group: com.  	 member: 0x55a3f53aab796^24 	 has   8 nodes and   5 edges 
[ ]    + Graph for group: com.  	 member: 0x55a3f53aae724^42 	 has   3 nodes and   2 edges 
[ ]    + Graph for group: com.  	 member: 0x55a3f53aabe1e^27 	 has  18 nodes and  20 edges 
[ ]    + Graph for group: com.  	 member: 0x55a3f53aac6e0^30 	 has   7 nodes and   4 edges 
[ ]    + Graph for group: com.  	 member: 0x55a3f53aac07b^28 	 has  11 nodes and   8 edges 
[ ]    + Graph for group: com.  	 member: 0x55a3f53aad42d^34 	 has  15 nodes and  11 edges 
[ ]    + Graph for group: com.  	 member: 0x55a3f53aae39e^40 	 has   7 nodes and   7 edges 
[ ]    + Graph for group: com.  	 member: 0x55a3f53aaa1b7^15 	 has  60 nodes and  56 edges 
[ ]    + Graph for group: com.  	 member: 0x55a3f53aada60^36 	 has  39 nodes and  35 edges 
[ ]    + Graph for group: com.  	 member: 0x55a3f53aab0a8^21 	 has  21 nodes and  15 edges 
[ ]    + Graph for group: com.  	 member: 0x55a3f53aae06c^38 	 has   8 nodes and   7 edges 
[ ]    + Graph for group: com.  	 member: 0x55a3f53aaea6e^44 	 has   2 nodes and   1 edges 
[ ]    + Graph for group: com.  	 member: 0x55a3f53aafec6^52 	 has  31 nodes and  29 edges 
[ ]    + Graph for group: com.  	 member: 0x55a3f53aaf9e5^50 	 has  11 nodes and   9 edges 
[ ]    + Graph for group: com.  	 member: 0x55a3f53aaddbc^37 	 has  21 nodes and  18 edges 
[W]  --> Unable to extract co-reference for sentence: "  Where I live we have a fortn..."
     --> Error: pop index out of range
[ ]    + Graph for group: com.  	 member: 0x55a3f53ab03f6^54 	 has   5 nodes and   4 edges 
[W]  --> Unable to extract co-reference for sentence: "How much does an average or cr..."
     --> Error: pop index out of range
[ ]    + Graph for group: com.  	 member: 0x55a3f53ab18a5^60 	 has   7 nodes and   5 edges 
[ ]    + Graph for group: com.  	 member: 0x55a3f53aac2db^29 	 has  66 nodes and  64 edges 
[ ]    + Graph for group: com.  	 member: 0x55a3f53aab45c^23 	 has  45 nodes and  32 edges 
[ ]    + Graph for group: com.  	 member: 0x55a3f53aab933^25 	 has  35 nodes and  32 edges 
[ ]    + Graph for group: com.  	 member: 0x55a3f53aaf686^48 	 has  11 nodes and   8 edges 
[ ]    + Graph for group: com.  	 member: 0x55a3f53ab1e32^62 	 has   9 nodes and   6 edges 
[ ]    + Graph for group: com.  	 member: 0x55a3f53aae231^39 	 has   3 nodes and   2 edges 
[W]  --> Unable to extract co-reference for sentence: "  2 adults, 1 baby, 1 dog. We ..."
     --> Error: pop index out of range
[ ]    + Graph for group: com.  	 member: 0x55a3f53aaf3e8^47 	 has  20 nodes and  17 edges 
[W]  --> Unable to extract co-reference for sentence: "It is difficult with a baby in..."
     --> Error: list index out of range
[ ]    + Graph for group: com.  	 member: 0x55a3f53ab33a7^72 	 has   2 nodes and   1 edges 
[ ]    + Graph for group: com.  	 member: 0x55a3f53aaf840^49 	 has   2 nodes and   1 edges 
[E] Can't parse sentence this sentence for coreference "reusables have to be washed at..."
 --> Error: timed out
[ ]    + Graph for group: com.  	 member: 0x55a3f53aac8ee^31 	 has  52 nodes and  41 edges 
[ ]    + Graph for group: com.  	 member: 0x55a3f53ab23fa^64 	 has  20 nodes and  15 edges 
[ ]    + Graph for group: com.  	 member: 0x55a3f53ab11fc^58 	 has  45 nodes and  51 edges 
[ ]    + Graph for group: com.  	 member: 0x55a3f53ab4c0f^82 	 has   7 nodes and   4 edges 
[ ]    + Graph for group: com.  	 member: 0x55a3f53aae56c^41 	 has   3 nodes and   2 edges 
[ ]    + Graph for group: com.  	 member: 0x55a3f53ab36aa^74 	 has   6 nodes and   4 edges 
[ ]    + Graph for group: com.  	 member: 0x55a3f53ab474e^80 	 has  42 nodes and  42 edges 
[ ]    + Graph for group: com.  	 member: 0x55a3f53ab4f79^84 	 has   6 nodes and   6 edges 
[ ]    + Graph for group: com.  	 member: 0x55a3f53ab1588^59 	 has  33 nodes and  30 edges 
[ ]    + Graph for group: com.  	 member: 0x55a3f53aacfe2^33 	 has  49 nodes and  41 edges 
[ ]    + Graph for group: com.  	 member: 0x55a3f53ab6050^92 	 has  11 nodes and   7 edges 
[i] Exiting extractor Thread 2
[ ]    + Graph for group: com.  	 member: 0x55a3f53ab5b36^90 	 has  11 nodes and  10 edges 
[ ]    + Graph for group: com.  	 member: 0x55a3f53ab63fb^94 	 has   4 nodes and   3 edges 
[i] Exiting extractor Thread 4
[ ]    + Graph for group: com.  	 member: 0x55a3f53aad62a^35 	 has  47 nodes and  40 edges 
[ ]    + Graph for group: com.  	 member: 0x55a3f53aae884^43 	 has   6 nodes and   6 edges 
[ ]    + Graph for group: com.  	 member: 0x55a3f53aafbef^51 	 has  26 nodes and  21 edges 
[ ]    + Graph for group: com.  	 member: 0x55a3f53ab453e^79 	 has  10 nodes and  11 edges 
[ ]    + Graph for group: com.  	 member: 0x55a3f53ab4095^78 	 has  50 nodes and  48 edges 
[ ]    + Graph for group: com.  	 member: 0x55a3f53aaebd2^45 	 has   7 nodes and   4 edges 
[ ]    + Graph for group: com.  	 member: 0x55a3f53ab0243^53 	 has  17 nodes and  15 edges 
[ ]    + Graph for group: com.  	 member: 0x55a3f53aaedf7^46 	 has  95 nodes and  82 edges 
[ ]    + Graph for group: com.  	 member: 0x55a3f53ab6dfc^100 	 has  24 nodes and  18 edges 
[i] Exiting extractor Thread 0
[ ]    + Graph for group: com.  	 member: 0x55a3f53ab59a7^89 	 has   6 nodes and   5 edges 
[ ]    + Graph for group: com.  	 member: 0x55a3f53ab0c49^57 	 has  69 nodes and  57 edges 
[ ]    + Graph for group: com.  	 member: 0x55a3f53ab57f6^88 	 has  14 nodes and  12 edges 
[W]  Unable to parse sentence for dependencies: If you wash full_loads at 60 i.
[ ]     --> Error: timed out
[ ]    + Graph for group: com.  	 member: 0x55a3f53ab1a77^61 	 has  16 nodes and  14 edges 
[ ]    + Graph for group: com.  	 member: 0x55a3f53ab05fc^55 	 has  17 nodes and  15 edges 
[i] Exiting extractor Thread 9
[i] Exiting extractor Thread 8
[ ]    + Graph for group: com.  	 member: 0x55a3f53ab2670^65 	 has  10 nodes and  10 edges 
[ ]    + Graph for group: com.  	 member: 0x55a3f53ab2055^63 	 has  37 nodes and  31 edges 
[ ]    + Graph for group: com.  	 member: 0x55a3f53ab0916^56 	 has  30 nodes and  26 edges 
[ ]    + Graph for group: com.  	 member: 0x55a3f53ab3863^75 	 has   8 nodes and   6 edges 
[ ]    + Graph for group: com.  	 member: 0x55a3f53ab4d93^83 	 has   7 nodes and   6 edges 
[ ]    + Graph for group: com.  	 member: 0x55a3f53ab3122^71 	 has  28 nodes and  29 edges 
[ ]    + Graph for group: com.  	 member: 0x55a3f53ab5153^85 	 has  15 nodes and  12 edges 
[i] Exiting extractor Thread 3
[ ]    + Graph for group: com.  	 member: 0x55a3f53ab28a5^66 	 has   8 nodes and   6 edges 
[ ]    + Graph for group: com.  	 member: 0x55a3f53ab4a3d^81 	 has   2 nodes and   1 edges 
[i] Exiting extractor Thread 5
[ ]    + Graph for group: com.  	 member: 0x55a3f53ab3d0c^77 	 has  35 nodes and  28 edges 
[ ]    + Graph for group: com.  	 member: 0x55a3f53ab3a78^76 	 has  26 nodes and  23 edges 
[ ]    + Graph for group: com.  	 member: 0x55a3f53ab535b^86 	 has  11 nodes and  10 edges 
[ ]    + Graph for group: com.  	 member: 0x55a3f53ab66f2^96 	 has   6 nodes and   7 edges 
[i] Exiting extractor Thread 6
[ ]    + Graph for group: com.  	 member: 0x55a3f53ab556a^87 	 has  23 nodes and  18 edges 
[ ]    + Graph for group: com.  	 member: 0x55a3f53ab5d3d^91 	 has  31 nodes and  24 edges 
[i] Exiting extractor Thread 1
[ ]    + Graph for group: com.  	 member: 0x55a3f53ab68b3^97 	 has  13 nodes and  10 edges 
[i] Exiting extractor Thread 7
!!!!!!!!!!!!!!!!!!!!!!!!!!!!!!!!!!!!!!!
[ ] Start graph Unification
[ ]  - Start unification by matched keywords
[ ]  - Finished unification by matched keywords
[ ]  -> Unification by matched keywords complete! Number of nodes changed from 2078 to 976
[ ]  - Start unification by semantic similarity of keywords
[i]    + Loading model from ../models/glove.6B.200d.txt
[ ]    + Model loading completed :)
[ ]   -> Found 64 pairs whose similarity greater or equal threshold 0.85.
[ ]  - Finished unification by semantic similarity for  keywords
[ ]  -> Unification by semantic similarity  complete! Totally, Number of nodes changed from 2078 to 931
!!!!!!!!!!!!!!!!!!!!!!!!!!!!!!!!!!!!!!!
[i] Elapsed time:  0:07:45.466756 seconds
[i] Elapsed time:  0:07:45.804151 seconds
[i] Elapsed time:  0:07:45.903800 seconds
[ ] Start pruning aspect graph.
[i] Start pruning the graph.
[i]   --> up to Short word, black/white list, regex, length filter, 238 nodes and 1029 edges removed
[i]   --> up to Frequency and degree filter, 862 nodes and 1569 edges removed
[i]   --> up to Isolated nodes filter, 862 nodes and 1569 edges removed
[ ] --> Graph PRUNNING completed.
    Number of nodes: 69
    Number of edges: 147
[ ] --> 862 nodes removed. 1569 edges removed.
[i] Elapsed time:  0:07:45.934709 seconds
[i]  Detecting communities.
compost set([u'v', u'n'])
resident set([u'a', u'n'])
food set([u'n'])
waste set([u's', u'v', u'n'])
empty set([u'a', u's', u'v', u'n'])
recycling set([u'v', u'n'])
bin set([u'v', u'n'])
borough set([u'n'])
food set([u'n'])
susan set([])
southworth set([])
[E] None of the word in string "susan_southworth" is not in the dictionary. Return zero vector.
bit set([u'v', u'n'])
garden set([u'v', u'n'])
waste set([u's', u'v', u'n'])
stuff set([u'v', u'n'])
winter set([u'v', u'n'])
[i]  -->Community0 has 1 zero key(s) out of 12
change set([u'v', u'n'])
lead set([u'v', u'n'])
nappy set([u's', u'n'])
flat set([u'a', u's', u'r', u'n'])
bin set([u'v', u'n'])
space set([u'v', u'n'])
adult set([u's', u'n'])
baby set([u'v', u'n'])
article set([u'v', u'n'])
public set([u'a', u's', u'n'])
health set([u'n'])
issue set([u'v', u'n'])
[i]  -->Community1 has 0 zero key(s) out of 9
people set([u'v', u'n'])
matter set([u'v', u'n'])
cost set([u'v', u'n'])
offer set([u'v', u'n'])
weekly set([u's', u'r', u'n'])
collection set([u'n'])
think set([u'v', u'n'])
sort set([u'v', u'n'])
example set([u'n'])
service set([u'v', u'n'])
bin set([u'v', u'n'])
collection set([u'n'])
council set([u'n'])
landfill set([u'n'])
waste set([u's', u'v', u'n'])
garden set([u'v', u'n'])
[i]  -->Community2 has 0 zero key(s) out of 12
fox set([u'v', u'n'])
desperate set([u's', u'n'])
cost set([u'v', u'n'])
look set([u'v', u'n'])
move set([u'v', u'n'])
size set([u's', u'v', u'n'])
fly set([u's', u'v', u'n'])
tipping set([u'v'])
vermin set([u'n'])
rat set([u'v', u'n'])
[i]  -->Community3 has 0 zero key(s) out of 8
amount set([u'v', u'n'])
cut set([u'a', u's', u'v', u'n'])
collection set([u'n'])
bury set([u'v'])
year set([u'n'])
package set([u'v', u'n'])
fortnightly set([u's', u'r'])
[E] None of the word in string "fortnightly" is not in the dictionary. Return zero vector.
struggle set([u'v', u'n'])
end set([u'v', u'n'])
vote set([u'v', u'n'])
cardboard set([u's', u'n'])
councillor set([u'n'])
[i]  -->Community4 has 1 zero key(s) out of 12
full set([u'a', u's', u'v', u'r', u'n'])
rubbish set([u'v', u'n'])
bin set([u'v', u'n'])
family set([u'n'])
blue set([u's', u'v', u'n'])
recycle set([u'v'])
fill set([u'v', u'n'])
waste set([u's', u'v', u'n'])
able set([u'a', u's'])
[E] None of the word in string "able" is not in the dictionary. Return zero vector.
disposable set([u'a', u'n'])
nappy set([u's', u'n'])
little set([u'a', u's', u'r', u'n'])
house set([u'v', u'n'])
green set([u'a', u's', u'v', u'n'])
week set([u'n'])
non set([u'r'])
recyclable set([u's'])
rubbish set([u'v', u'n'])
grey set([u's', u'v', u'n'])
bin set([u'v', u'n'])
[i]  -->Community5 has 1 zero key(s) out of 16
[i] Elapsed time:  0:07:48.669682 seconds
Execution time:  0:07:48.703842 seconds
